<?xml version="1.0" encoding="UTF-8"?>
<!-- Generated by org.testng.reporters.JUnitReportReporter -->
<testsuite hostname="DESKTOP-KPKN3CM" failures="0" tests="1" name="Day2.firsttestng" time="0.080" errors="0" timestamp="2023-08-04T13:05:11 IST" skipped="0">
  <testcase classname="Day2.firsttestng" name="f" time="0.080"/>
</testsuite> <!-- Day2.firsttestng -->
